Using pre-set license
Built from '2020.3/staging' branch; Version is '2020.3.19f1 (68f137dc9bbe) revision 6877495'; Using compiler version '192528614'; Build Type 'Release'
OS: 'Windows 10 Home; OS build 19042.1466; Version 2009; 64bit' Language: 'en' Physical Memory: 6058 MB
BatchMode: 1, IsHumanControllingUs: 0, StartBugReporterOnCrash: 0, Is64bit: 1, IsPro: 0

COMMAND LINE ARGUMENTS:
C:\Program Files\Unity\Hub\Editor\2020.3.19f1\Editor\Unity.exe
-adb2
-batchMode
-noUpm
-name
AssetImportWorker0
-projectPath
C:/Users/lapto/Documents/Isa/IS MyDroppingBombs2
-logFile
Logs/AssetImportWorker0.log
-srvPort
56988
Successfully changed project path to: C:/Users/lapto/Documents/Isa/IS MyDroppingBombs2
C:/Users/lapto/Documents/Isa/IS MyDroppingBombs2
Using Asset Import Pipeline V2.
Refreshing native plugins compatible for Editor in 42.44 ms, found 2 plugins.
Preloading 0 native plugins for Editor in 0.00 ms.
Initialize engine version: 2020.3.19f1 (68f137dc9bbe)
[Subsystems] Discovering subsystems at path C:/Program Files/Unity/Hub/Editor/2020.3.19f1/Editor/Data/Resources/UnitySubsystems
[Subsystems] Discovering subsystems at path C:/Users/lapto/Documents/Isa/IS MyDroppingBombs2/Assets
GfxDevice: creating device client; threaded=0
Direct3D:
    Version:  Direct3D 11.0 [level 11.1]
    Renderer: AMD Radeon(TM) Vega 3 Graphics (ID=0x15d8)
    Vendor:   
    VRAM:     3029 MB
    Driver:   27.20.15030.3002
Initialize mono
Mono path[0] = 'C:/Program Files/Unity/Hub/Editor/2020.3.19f1/Editor/Data/Managed'
Mono path[1] = 'C:/Program Files/Unity/Hub/Editor/2020.3.19f1/Editor/Data/MonoBleedingEdge/lib/mono/unityjit'
Mono config path = 'C:/Program Files/Unity/Hub/Editor/2020.3.19f1/Editor/Data/MonoBleedingEdge/etc'
Using monoOptions --debugger-agent=transport=dt_socket,embedding=1,server=y,suspend=n,address=127.0.0.1:56272
Begin MonoManager ReloadAssembly
Registering precompiled unity dll's ...
Register platform support module: C:/Program Files/Unity/Hub/Editor/2020.3.19f1/Editor/Data/PlaybackEngines/WindowsStandaloneSupport/UnityEditor.WindowsStandalone.Extensions.dll
Registered in 0.003512 seconds.
Native extension for WindowsStandalone target not found
Refreshing native plugins compatible for Editor in 51.65 ms, found 2 plugins.
Preloading 0 native plugins for Editor in 0.00 ms.
Mono: successfully reloaded assembly
- Completed reload, in  1.727 seconds
Domain Reload Profiling:
	ReloadAssembly (1727ms)
		BeginReloadAssembly (90ms)
			ExecutionOrderSort (0ms)
			DisableScriptedObjects (0ms)
			BackupInstance (0ms)
			ReleaseScriptingObjects (0ms)
			CreateAndSetChildDomain (1ms)
		EndReloadAssembly (656ms)
			LoadAssemblies (86ms)
			RebuildTransferFunctionScriptingTraits (0ms)
			SetupTypeCache (197ms)
			ReleaseScriptCaches (0ms)
			RebuildScriptCaches (41ms)
			SetupLoadedEditorAssemblies (314ms)
				LogAssemblyErrors (0ms)
				InitializePlatformSupportModulesInManaged (6ms)
				SetLoadedEditorAssemblies (0ms)
				RefreshPlugins (52ms)
				BeforeProcessingInitializeOnLoad (45ms)
				ProcessInitializeOnLoadAttributes (165ms)
				ProcessInitializeOnLoadMethodAttributes (46ms)
				AfterProcessingInitializeOnLoad (0ms)
				EditorAssembliesLoaded (0ms)
			ExecutionOrderSort2 (0ms)
			AwakeInstancesAfterBackupRestoration (0ms)
Platform modules already initialized, skipping
Registering precompiled user dll's ...
Registered in 0.005744 seconds.
Begin MonoManager ReloadAssembly
Native extension for WindowsStandalone target not found
Refreshing native plugins compatible for Editor in 0.46 ms, found 2 plugins.
Preloading 0 native plugins for Editor in 0.00 ms.
Mono: successfully reloaded assembly
- Completed reload, in  1.413 seconds
Domain Reload Profiling:
	ReloadAssembly (1415ms)
		BeginReloadAssembly (220ms)
			ExecutionOrderSort (0ms)
			DisableScriptedObjects (6ms)
			BackupInstance (0ms)
			ReleaseScriptingObjects (0ms)
			CreateAndSetChildDomain (28ms)
		EndReloadAssembly (1096ms)
			LoadAssemblies (134ms)
			RebuildTransferFunctionScriptingTraits (0ms)
			SetupTypeCache (365ms)
			ReleaseScriptCaches (1ms)
			RebuildScriptCaches (53ms)
			SetupLoadedEditorAssemblies (410ms)
				LogAssemblyErrors (0ms)
				InitializePlatformSupportModulesInManaged (8ms)
				SetLoadedEditorAssemblies (1ms)
				RefreshPlugins (1ms)
				BeforeProcessingInitializeOnLoad (75ms)
				ProcessInitializeOnLoadAttributes (307ms)
				ProcessInitializeOnLoadMethodAttributes (6ms)
				AfterProcessingInitializeOnLoad (13ms)
				EditorAssembliesLoaded (0ms)
			ExecutionOrderSort2 (0ms)
			AwakeInstancesAfterBackupRestoration (9ms)
Platform modules already initialized, skipping
========================================================================
Worker process is ready to serve import requests
Launched and connected shader compiler UnityShaderCompiler.exe after 0.07 seconds
Refreshing native plugins compatible for Editor in 0.37 ms, found 2 plugins.
Preloading 0 native plugins for Editor in 0.00 ms.
Unloading 1401 Unused Serialized files (Serialized files now loaded: 0)
System memory in use before: 64.9 MB.
System memory in use after: 65.0 MB.

Unloading 16 unused Assets to reduce memory usage. Loaded Objects now: 1836.
Total: 4.113300 ms (FindLiveObjects: 0.352200 ms CreateObjectMapping: 0.086100 ms MarkObjects: 3.575600 ms  DeleteObjects: 0.097900 ms)

AssetImportParameters requested are different than current active one (requested -> active):
  custom:framework-win-MediaFoundation: 216162199b28c13a410421893ffa2e32 -> 
  custom:video-decoder-ogg-theora: a1e56fd34408186e4bbccfd4996cb3dc -> 
  custom:container-muxer-webm: aa71ff27fc2769a1b78a27578f13a17b -> 
  custom:container-demuxer-webm: 4f35f7cbe854078d1ac9338744f61a02 -> 
  custom:container-demuxer-ogg: 62fdf1f143b41e24485cea50d1cbac27 -> 
  custom:video-encoder-webm-vp8: eb34c28f22e8b96e1ab97ce403110664 -> 
  custom:video-decoder-webm-vp8: 9c59270c3fd7afecdb556c50c9e8de78 -> 
  custom:audio-decoder-ogg-vorbis: bf7c407c2cedff20999df2af8eb42d56 -> 
  custom:audio-encoder-webm-vorbis: bf7c407c2cedff20999df2af8eb42d56 -> 
========================================================================
Received Import Request.
  path: Assets/SphereMaterial.mat
  artifactKey: Guid(e73a25696d974604fad00030c0e1a4a9) Importer(815301076,1909f56bfc062723c751e8b465ee728b)
Start importing Assets/SphereMaterial.mat using Guid(e73a25696d974604fad00030c0e1a4a9) Importer(815301076,1909f56bfc062723c751e8b465ee728b)  -> (artifact id: 'dc6afa00ccc3250f3a41a8decc102986') in 0.435992 seconds 
  Import took 0.439710 seconds .

========================================================================
Received Import Request.
  Time since last request: 0.000380 seconds.
  path: Assets/CubeMaterial.mat
  artifactKey: Guid(2f32c8d73291cf046b6d8743f6bedab8) Importer(815301076,1909f56bfc062723c751e8b465ee728b)
Start importing Assets/CubeMaterial.mat using Guid(2f32c8d73291cf046b6d8743f6bedab8) Importer(815301076,1909f56bfc062723c751e8b465ee728b)  -> (artifact id: 'cd14f75d5789dc6e87e44d353b134c3b') in 0.013849 seconds 
  Import took 0.016902 seconds .

========================================================================
Received Import Request.
  Time since last request: 19.577668 seconds.
  path: Assets/Scripts
  artifactKey: Guid(ff5d958392031d84ea87d9b716ee6674) Importer(815301076,1909f56bfc062723c751e8b465ee728b)
Start importing Assets/Scripts using Guid(ff5d958392031d84ea87d9b716ee6674) Importer(815301076,1909f56bfc062723c751e8b465ee728b)  -> (artifact id: 'bf50052a66065846b0653d2417c68f86') in 0.004000 seconds 
  Import took 0.007706 seconds .

========================================================================
Received Import Request.
  Time since last request: 80.334658 seconds.
  path: Assets/Models/Rocket06.fbx
  artifactKey: Guid(0094b425812d49548913a84e817fac7e) Importer(815301076,1909f56bfc062723c751e8b465ee728b)
Start importing Assets/Models/Rocket06.fbx using Guid(0094b425812d49548913a84e817fac7e) Importer(815301076,1909f56bfc062723c751e8b465ee728b)  -> (artifact id: 'c3f9cffb7d88324e93b32da3e818491d') in 0.115823 seconds 
  Import took 0.119393 seconds .

========================================================================
Received Import Request.
  Time since last request: 0.541697 seconds.
  path: Assets/Materials/RocketsPalletteRed.mat
  artifactKey: Guid(e941d0d6425697b499256f89933a0df2) Importer(815301076,1909f56bfc062723c751e8b465ee728b)
Start importing Assets/Materials/RocketsPalletteRed.mat using Guid(e941d0d6425697b499256f89933a0df2) Importer(815301076,1909f56bfc062723c751e8b465ee728b)  -> (artifact id: 'd5505e6074f2b0f2bad0683bbfc7e0c5') in 0.015005 seconds 
  Import took 0.024138 seconds .

========================================================================
Received Import Request.
  Time since last request: 2.183268 seconds.
  path: Assets/Artwork/RocketsPalletteRed.png
  artifactKey: Guid(87b14570171a8be458a29df2cd70f078) Importer(815301076,1909f56bfc062723c751e8b465ee728b)
Start importing Assets/Artwork/RocketsPalletteRed.png using Guid(87b14570171a8be458a29df2cd70f078) Importer(815301076,1909f56bfc062723c751e8b465ee728b)  -> (artifact id: '09c8c28b77b6ddc782760f332592133c') in 0.032484 seconds 
  Import took 0.035674 seconds .

========================================================================
Received Import Request.
  Time since last request: 8.683874 seconds.
  path: Assets/Prefabs/Rocket.prefab
  artifactKey: Guid(82169fb5eac75114e9dae4d2dd916e6f) Importer(815301076,1909f56bfc062723c751e8b465ee728b)
Start importing Assets/Prefabs/Rocket.prefab using Guid(82169fb5eac75114e9dae4d2dd916e6f) Importer(815301076,1909f56bfc062723c751e8b465ee728b)  -> (artifact id: 'ff5ab3b6d9c812c54637ea315fd8d47a') in 0.028523 seconds 
  Import took 0.032106 seconds .

========================================================================
Received Import Request.
  Time since last request: 156.503614 seconds.
  path: Assets/Prefabs
  artifactKey: Guid(99a368c7371ea1c48bc52da867c302be) Importer(815301076,1909f56bfc062723c751e8b465ee728b)
Start importing Assets/Prefabs using Guid(99a368c7371ea1c48bc52da867c302be) Importer(815301076,1909f56bfc062723c751e8b465ee728b)  -> (artifact id: '9d716721082d864df77367e70b0e3a65') in 0.009802 seconds 
  Import took 0.013436 seconds .

========================================================================
Received Import Request.
  Time since last request: 39.452312 seconds.
  path: Assets/New Folder
  artifactKey: Guid(7cf7241c1444ced489f499f3ab053d85) Importer(815301076,1909f56bfc062723c751e8b465ee728b)
Start importing Assets/New Folder using Guid(7cf7241c1444ced489f499f3ab053d85) Importer(815301076,1909f56bfc062723c751e8b465ee728b)  -> (artifact id: 'ede00e9d1ea0a05666dbbcb245b0e9de') in 0.006149 seconds 
  Import took 0.010677 seconds .

========================================================================
Received Import Request.
  Time since last request: 26.226211 seconds.
  path: Assets/New Material.mat
  artifactKey: Guid(7534d15d10d8a7b4f9cde5e84536e0de) Importer(815301076,1909f56bfc062723c751e8b465ee728b)
Start importing Assets/New Material.mat using Guid(7534d15d10d8a7b4f9cde5e84536e0de) Importer(815301076,1909f56bfc062723c751e8b465ee728b)  -> (artifact id: 'c83bfa0d2bd08cebc536ae6a7f551ffe') in 0.017758 seconds 
  Import took 0.022319 seconds .

========================================================================
Received Import Request.
  Time since last request: 171.952280 seconds.
  path: Assets/Artwork
  artifactKey: Guid(d2a2b65f2b3ebfd43b19cf3e06bf1f43) Importer(815301076,1909f56bfc062723c751e8b465ee728b)
Start importing Assets/Artwork using Guid(d2a2b65f2b3ebfd43b19cf3e06bf1f43) Importer(815301076,1909f56bfc062723c751e8b465ee728b)  -> (artifact id: '44d2bfe6f45cb8ef81f918f1cb50720b') in 0.005354 seconds 
  Import took 0.014573 seconds .

========================================================================
Received Import Request.
  Time since last request: 0.026783 seconds.
  path: Assets/Artwork/skull.png
  artifactKey: Guid(eb60f7521b9b3914093aa53822f6a9c5) Importer(815301076,1909f56bfc062723c751e8b465ee728b)
Start importing Assets/Artwork/skull.png using Guid(eb60f7521b9b3914093aa53822f6a9c5) Importer(815301076,1909f56bfc062723c751e8b465ee728b)  -> (artifact id: '5b7cf679ba6660f2179c069f9ebe4416') in 0.011137 seconds 
  Import took 0.016313 seconds .

========================================================================
Received Import Request.
  Time since last request: 10.937268 seconds.
  path: Assets/Artwork/SkyGradient.png
  artifactKey: Guid(042cdf78e7f4ed94080ecc848c870c04) Importer(815301076,1909f56bfc062723c751e8b465ee728b)
Start importing Assets/Artwork/SkyGradient.png using Guid(042cdf78e7f4ed94080ecc848c870c04) Importer(815301076,1909f56bfc062723c751e8b465ee728b)  -> (artifact id: 'f28698a644cd3c2f489bf2bd4372a8f3') in 0.016344 seconds 
  Import took 0.022133 seconds .

========================================================================
Received Import Request.
  Time since last request: 13.972919 seconds.
  path: Assets/Artwork/clouds.png
  artifactKey: Guid(f4fcea26dc60ce442a2a16b8a60d064c) Importer(815301076,1909f56bfc062723c751e8b465ee728b)
Start importing Assets/Artwork/clouds.png using Guid(f4fcea26dc60ce442a2a16b8a60d064c) Importer(815301076,1909f56bfc062723c751e8b465ee728b)  -> (artifact id: 'fdf26389a523e782b4456c02882af92a') in 0.017080 seconds 
  Import took 0.022020 seconds .

========================================================================
Received Import Request.
  Time since last request: 106.706912 seconds.
  path: Assets/Prefabs/Bomb.prefab
  artifactKey: Guid(f9e402a83afd93842b90bfcf972cf018) Importer(815301076,1909f56bfc062723c751e8b465ee728b)
Start importing Assets/Prefabs/Bomb.prefab using Guid(f9e402a83afd93842b90bfcf972cf018) Importer(815301076,1909f56bfc062723c751e8b465ee728b)  -> (artifact id: 'b7e9866d043b35472d92e20da4b233e8') in 0.018694 seconds 
  Import took 0.022992 seconds .

========================================================================
Received Prepare
Registering precompiled user dll's ...
Registered in 0.004776 seconds.
Begin MonoManager ReloadAssembly
Native extension for WindowsStandalone target not found
Refreshing native plugins compatible for Editor in 0.37 ms, found 2 plugins.
Preloading 0 native plugins for Editor in 0.00 ms.
Mono: successfully reloaded assembly
- Completed reload, in  1.348 seconds
Domain Reload Profiling:
	ReloadAssembly (1349ms)
		BeginReloadAssembly (165ms)
			ExecutionOrderSort (0ms)
			DisableScriptedObjects (5ms)
			BackupInstance (0ms)
			ReleaseScriptingObjects (0ms)
			CreateAndSetChildDomain (43ms)
		EndReloadAssembly (1080ms)
			LoadAssemblies (128ms)
			RebuildTransferFunctionScriptingTraits (0ms)
			SetupTypeCache (390ms)
			ReleaseScriptCaches (1ms)
			RebuildScriptCaches (48ms)
			SetupLoadedEditorAssemblies (378ms)
				LogAssemblyErrors (0ms)
				InitializePlatformSupportModulesInManaged (7ms)
				SetLoadedEditorAssemblies (1ms)
				RefreshPlugins (0ms)
				BeforeProcessingInitializeOnLoad (71ms)
				ProcessInitializeOnLoadAttributes (278ms)
				ProcessInitializeOnLoadMethodAttributes (6ms)
				AfterProcessingInitializeOnLoad (15ms)
				EditorAssembliesLoaded (0ms)
			ExecutionOrderSort2 (0ms)
			AwakeInstancesAfterBackupRestoration (8ms)
Platform modules already initialized, skipping
Refreshing native plugins compatible for Editor in 0.37 ms, found 2 plugins.
Preloading 0 native plugins for Editor in 0.00 ms.
Unloading 1395 Unused Serialized files (Serialized files now loaded: 0)
System memory in use before: 68.3 MB.
System memory in use after: 68.4 MB.

Unloading 11 unused Assets to reduce memory usage. Loaded Objects now: 1883.
Total: 3.948900 ms (FindLiveObjects: 0.251300 ms CreateObjectMapping: 0.047900 ms MarkObjects: 3.611800 ms  DeleteObjects: 0.035900 ms)

AssetImportParameters requested are different than current active one (requested -> active):
  custom:framework-win-MediaFoundation: 216162199b28c13a410421893ffa2e32 -> 
  custom:video-decoder-ogg-theora: a1e56fd34408186e4bbccfd4996cb3dc -> 
  custom:container-muxer-webm: aa71ff27fc2769a1b78a27578f13a17b -> 
  custom:container-demuxer-webm: 4f35f7cbe854078d1ac9338744f61a02 -> 
  custom:container-demuxer-ogg: 62fdf1f143b41e24485cea50d1cbac27 -> 
  custom:video-encoder-webm-vp8: eb34c28f22e8b96e1ab97ce403110664 -> 
  custom:video-decoder-webm-vp8: 9c59270c3fd7afecdb556c50c9e8de78 -> 
  custom:audio-decoder-ogg-vorbis: bf7c407c2cedff20999df2af8eb42d56 -> 
  custom:audio-encoder-webm-vorbis: bf7c407c2cedff20999df2af8eb42d56 -> 
========================================================================
Received Import Request.
  Time since last request: 145.872995 seconds.
  path: Assets
  artifactKey: Guid(00000000000000001000000000000000) Importer(815301076,1909f56bfc062723c751e8b465ee728b)
Start importing Assets using Guid(00000000000000001000000000000000) Importer(815301076,1909f56bfc062723c751e8b465ee728b)  -> (artifact id: '42d402b061de3733987d63b9cc3b64de') in 0.010496 seconds 
  Import took 0.020466 seconds .

========================================================================
Received Import Request.
  Time since last request: 18.867621 seconds.
  path: Assets/Aniamtion
  artifactKey: Guid(577e8a05b1b974541b29d4dd82471ca0) Importer(815301076,1909f56bfc062723c751e8b465ee728b)
Start importing Assets/Aniamtion using Guid(577e8a05b1b974541b29d4dd82471ca0) Importer(815301076,1909f56bfc062723c751e8b465ee728b)  -> (artifact id: 'dfdd64c99754f1c84d5b153241654c56') in 0.004731 seconds 
  Import took 0.008927 seconds .

AssetImportWorkerClient::OnTransportError - code=2 error=End of file
